[2023-10-23T10:55:49.127Z] WinstonExample info: server running
[2023-10-23T10:56:27.911Z] WinstonExample error: server running
[2023-10-23T10:57:27.788Z] ServerWorking error: server running
[2023-10-23T10:58:30.427Z] ServerWorking info: server running on localhost:3000
[2023-10-25T03:40:49.353Z] ServerWorking info: server running on localhost:3000
[2023-10-25T03:41:05.582Z] ServerWorking info: server running on localhost:3000
[2023-10-25T03:45:52.757Z] ServerWorking info: server running on localhost:3000
[2023-10-25T03:47:08.631Z] ServerWorking info: server running on localhost:3000
[2023-10-25T03:47:38.875Z] ServerWorking info: server running on localhost:3000
[2023-10-25T03:47:50.819Z] ServerWorking info: server running on localhost:3000
[2023-10-25T03:48:38.828Z] ServerWorking info: server running on localhost:3000
[2023-10-25T03:50:23.974Z] ServerWorking info: server running on localhost:3000
[2023-10-25T03:51:04.328Z] ServerWorking info: server running on localhost:3000
[2023-10-25T03:51:45.289Z] ServerWorking info: server running on localhost:3000
[2023-10-25T03:52:56.211Z] ServerWorking info: server running on localhost:3000
[2023-10-25T03:53:53.313Z] ServerWorking info: server running on localhost:3000
[2023-10-25T03:55:02.237Z] ServerWorking info: server running on localhost:3000
[2023-10-25T03:56:53.393Z] ServerWorking info: server running on localhost:3000
[2023-10-25T04:51:52.132Z] ServerWorking info: server running on localhost:3000
[2023-10-25T04:52:30.756Z] ServerWorking info: server running on localhost:3000
[2023-10-25T04:53:20.528Z] ServerWorking info: server running on localhost:3000
[2023-10-25T04:54:14.878Z] ServerWorking info: server running on localhost:3000
[2023-10-25T04:54:49.496Z] ServerWorking info: server running on localhost:3000
[2023-10-25T04:55:15.167Z] ServerWorking info: server running on localhost:3000
[2023-10-25T04:55:31.168Z] ServerWorking info: server running on localhost:3000
[2023-10-25T05:33:42.739Z] ServerWorking info: server running on localhost:3000
[2023-10-25T05:37:28.082Z] ServerWorking info: server running on localhost:3000
[2023-10-25T05:38:26.931Z] ServerWorking info: server running on localhost:3000
[2023-10-25T05:39:23.925Z] ServerWorking info: server running on localhost:3000
[2023-10-25T05:39:30.966Z] ServerWorking info: server running on localhost:3000
[2023-10-25T05:43:37.632Z] ServerWorking info: server running on localhost:3000
[2023-10-25T05:45:26.787Z] ServerWorking info: server running on localhost:3000
[2023-10-25T05:46:39.662Z] ServerWorking info: server running on localhost:3000
[2023-10-25T05:56:01.757Z] ServerWorking info: server running on localhost:3000
[2023-10-25T05:57:00.277Z] ServerWorking info: server running on localhost:3000
[2023-10-25T05:58:50.850Z] ServerWorking info: server running on localhost:3000
[2023-10-25T05:59:52.368Z] ServerWorking info: server running on localhost:3000
[2023-10-25T06:00:54.927Z] ServerWorking info: server running on localhost:3000
[2023-10-25T06:02:04.020Z] ServerWorking info: server running on localhost:3000
[2023-10-25T06:05:49.575Z] ServerWorking info: server running on localhost:3000
[2023-10-25T06:06:36.515Z] ServerWorking info: server running on localhost:3000
[2023-10-25T06:10:09.313Z] ServerWorking info: server running on localhost:3000
[2023-10-25T06:10:55.890Z] ServerWorking info: server running on localhost:3000
[2023-10-25T06:12:10.965Z] ServerWorking info: server running on localhost:3000
[2023-10-25T06:12:28.109Z] ServerWorking info: server running on localhost:3000
[2023-10-25T06:13:28.982Z] ServerWorking info: server running on localhost:3000
[2023-10-25T06:14:11.033Z] ServerWorking info: server running on localhost:3000
[2023-10-25T06:14:47.316Z] ServerWorking info: server running on localhost:3000
[2023-10-25T06:20:44.613Z] ServerWorking info: server running on localhost:3000
[2023-10-25T06:23:58.140Z] ServerWorking info: server running on localhost:3000
[2023-10-25T06:39:58.617Z] ServerWorking info: server running on localhost:3000
[2023-10-25T06:41:05.898Z] ServerWorking info: server running on localhost:3000
[2023-10-25T06:42:14.530Z] ServerWorking info: server running on localhost:3000
[2023-10-25T06:42:42.448Z] ServerWorking info: server running on localhost:3000
[2023-10-25T06:43:00.584Z] ServerWorking info: server running on localhost:3000
[2023-10-25T06:43:58.855Z] ServerWorking info: server running on localhost:3000
[2023-10-25T06:45:33.198Z] ServerWorking info: server running on localhost:3000
[2023-10-25T06:46:51.476Z] ServerWorking info: server running on localhost:3000
[2023-10-25T06:47:38.487Z] ServerWorking info: server running on localhost:3000
[2023-10-25T06:47:46.831Z] ServerWorking info: server running on localhost:3000
[2023-10-25T06:50:21.019Z] ServerWorking info: server running on localhost:3000
[2023-10-25T06:51:34.248Z] ServerWorking info: server running on localhost:3000
[2023-10-25T06:52:59.998Z] ServerWorking info: server running on localhost:3000
[2023-10-25T07:02:31.858Z] ServerWorking info: server running on localhost:3000
[2023-10-25T07:18:19.618Z] ServerWorking info: server running on localhost:3000
[2023-10-25T07:19:42.087Z] ServerWorking info: server running on localhost:3000
[2023-10-25T07:20:02.780Z] ServerWorking info: server running on localhost:3000
[2023-10-25T07:26:20.565Z] ServerWorking info: server running on localhost:3000
[2023-10-25T07:27:15.530Z] ServerWorking info: server running on localhost:3000
[2023-10-25T07:43:58.106Z] ServerWorking info: server running on localhost:3000
[2023-10-25T07:51:04.968Z] ServerWorking info: server running on localhost:3000
[2023-10-25T07:56:18.399Z] ServerWorking info: server running on localhost:3000
[2023-10-25T08:02:19.625Z] ServerWorking info: server running on localhost:3000
[2023-10-25T08:08:06.872Z] ServerWorking info: server running on localhost:3000
[2023-10-25T09:49:02.896Z] ServerWorking info: server running on localhost:3000
[2023-10-25T09:50:02.115Z] ServerWorking info: server running on localhost:3000
[2023-10-25T09:51:13.649Z] ServerWorking info: server running on localhost:3000
[2023-10-25T09:57:49.167Z] ServerWorking info: server running on localhost:3000
[2023-10-25T09:59:30.678Z] ServerWorking info: server running on localhost:3000
[2023-10-25T10:06:29.312Z] ServerWorking info: server running on localhost:3000
[2023-10-25T10:08:12.229Z] ServerWorking info: server running on localhost:3000
[2023-10-25T10:10:00.311Z] ServerWorking info: server running on localhost:3000
[2023-10-25T10:11:33.352Z] ServerWorking info: server running on localhost:3000
[2023-10-25T10:13:42.668Z] ServerWorking info: server running on localhost:3000
[2023-10-25T10:14:44.239Z] ServerWorking info: server running on localhost:3000
[2023-10-25T10:17:14.748Z] ServerWorking info: server running on localhost:3000
[2023-10-25T10:21:22.530Z] ServerWorking info: server running on localhost:3000
[2023-10-25T10:21:45.154Z] ServerWorking info: server running on localhost:3000
[2023-10-25T10:23:16.544Z] ServerWorking info: server running on localhost:3000
[2023-10-25T10:24:15.154Z] ServerWorking info: server running on localhost:3000
[2023-10-25T10:26:29.245Z] ServerWorking info: server running on localhost:3000
[2023-10-25T10:26:53.595Z] ServerWorking info: server running on localhost:3000
[2023-10-25T10:33:24.737Z] ServerWorking info: server running on localhost:3000
[2023-10-25T10:36:32.467Z] ServerWorking info: server running on localhost:3000
[2023-10-25T10:37:32.295Z] ServerWorking info: server running on localhost:3000
[2023-10-25T10:41:36.022Z] ServerWorking info: server running on localhost:3000
[2023-10-25T10:41:57.773Z] ServerWorking info: server running on localhost:3000
[2023-10-25T10:42:23.489Z] ServerWorking info: server running on localhost:3000
[2023-10-25T11:10:27.028Z] ServerWorking info: server running on localhost:3000
[2023-10-25T11:11:09.722Z] ServerWorking info: server running on localhost:3000
[2023-10-25T11:11:35.733Z] ServerWorking info: server running on localhost:3000
[2023-10-25T11:12:28.073Z] ServerWorking info: server running on localhost:3000
[2023-10-25T11:12:43.909Z] ServerWorking info: server running on localhost:3000
[2023-10-25T11:26:22.526Z] ServerWorking info: server running on localhost:3000
[2023-10-25T11:26:39.402Z] ServerWorking info: server running on localhost:3000
[2023-10-25T11:27:30.719Z] ServerWorking info: server running on localhost:3000
[2023-10-25T11:28:13.876Z] ServerWorking info: server running on localhost:3000
[2023-10-25T11:28:44.453Z] ServerWorking info: server running on localhost:3000
[2023-10-25T11:33:57.016Z] ServerWorking info: server running on localhost:3000
[2023-10-25T11:38:06.997Z] ServerWorking info: server running on localhost:3000
[2023-10-25T11:38:49.498Z] ServerWorking info: server running on localhost:3000
[2023-10-25T11:39:29.728Z] ServerWorking info: server running on localhost:3000
[2023-10-25T11:40:36.711Z] ServerWorking info: server running on localhost:3000
[2023-10-25T11:42:51.109Z] ServerWorking info: server running on localhost:3000
[2023-10-25T11:44:34.059Z] ServerWorking info: server running on localhost:3000
[2023-10-25T11:48:04.424Z] ServerWorking info: server running on localhost:3000
[2023-10-25T11:48:32.176Z] ServerWorking info: server running on localhost:3000
[2023-10-25T12:13:34.291Z] ServerWorking info: server running on localhost:3000
[2023-10-25T12:13:51.563Z] ServerWorking info: server running on localhost:3000
[2023-10-25T12:14:15.282Z] ServerWorking info: server running on localhost:3000
[2023-10-25T12:16:31.381Z] ServerWorking info: server running on localhost:3000
[2023-10-25T12:18:05.374Z] ServerWorking info: server running on localhost:3000
[2023-10-25T12:18:32.814Z] ServerWorking info: server running on localhost:3000
[2023-10-25T12:19:13.068Z] ServerWorking info: server running on localhost:3000
[2023-10-25T12:23:05.833Z] ServerWorking info: server running on localhost:3000
[2023-10-25T12:39:42.754Z] ServerWorking info: server running on localhost:3000
[2023-10-25T12:40:08.749Z] ServerWorking info: server running on localhost:3000
[2023-10-25T12:40:58.445Z] ServerWorking info: server running on localhost:3000
[2023-10-25T12:41:21.106Z] ServerWorking info: server running on localhost:3000
[2023-10-25T12:45:01.600Z] ServerWorking info: server running on localhost:3000
[2023-10-25T12:45:53.719Z] ServerWorking info: server running on localhost:3000
[2023-10-25T12:47:31.887Z] ServerWorking info: server running on localhost:3000
[2023-10-25T12:48:16.531Z] ServerWorking info: server running on localhost:3000
[2023-10-25T12:48:55.147Z] ServerWorking info: server running on localhost:3000
[2023-10-25T12:49:15.417Z] ServerWorking info: server running on localhost:3000
[2023-10-25T12:49:53.091Z] ServerWorking info: server running on localhost:3000
[2023-10-25T12:50:40.046Z] ServerWorking info: server running on localhost:3000
[2023-10-25T12:50:58.794Z] ServerWorking info: server running on localhost:3000
[2023-10-25T12:51:25.610Z] ServerWorking info: server running on localhost:3000
[2023-10-25T12:51:45.128Z] ServerWorking info: server running on localhost:3000
[2023-10-25T12:52:06.982Z] ServerWorking info: server running on localhost:3000
[2023-10-25T12:52:21.018Z] ServerWorking info: server running on localhost:3000
[2023-10-25T12:52:56.163Z] ServerWorking info: server running on localhost:3000
[2023-10-25T12:53:18.814Z] ServerWorking info: server running on localhost:3000
[2023-10-25T12:53:46.663Z] ServerWorking info: server running on localhost:3000
[2023-10-25T12:54:37.575Z] ServerWorking info: server running on localhost:3000
[2023-10-25T12:54:56.464Z] ServerWorking info: server running on localhost:3000
[2023-10-25T12:56:13.078Z] ServerWorking info: server running on localhost:3000
[2023-10-26T03:54:26.472Z] ServerWorking info: server running on localhost:3000
[2023-10-26T04:04:26.457Z] ServerWorking info: server running on localhost:3000
[2023-10-26T04:08:48.744Z] ServerWorking info: server running on localhost:3000
[2023-10-26T04:09:56.115Z] ServerWorking info: server running on localhost:3000
[2023-10-26T04:10:50.827Z] ServerWorking info: server running on localhost:3000
[2023-10-26T04:11:26.203Z] ServerWorking info: server running on localhost:3000
[2023-10-26T04:12:42.225Z] ServerWorking info: server running on localhost:3000
[2023-10-26T04:13:54.656Z] ServerWorking info: server running on localhost:3000
[2023-10-26T04:14:33.654Z] ServerWorking info: server running on localhost:3000
[2023-10-26T04:20:53.604Z] ServerWorking info: server running on localhost:3000
[2023-10-26T04:23:11.886Z] ServerWorking info: server running on localhost:3000
[2023-10-26T04:24:45.667Z] ServerWorking info: server running on localhost:3000
[2023-10-26T04:34:43.089Z] ServerWorking info: server running on localhost:3000
[2023-10-26T04:36:57.823Z] ServerWorking info: server running on localhost:3000
[2023-10-26T04:37:48.229Z] ServerWorking info: server running on localhost:3000
[2023-10-26T04:38:47.342Z] ServerWorking info: server running on localhost:3000
[2023-10-26T04:42:52.258Z] ServerWorking info: server running on localhost:3000
[2023-10-26T04:43:03.822Z] ServerWorking info: server running on localhost:3000
[2023-10-26T04:43:35.831Z] ServerWorking info: server running on localhost:3000
[2023-10-26T04:50:15.980Z] ServerWorking info: server running on localhost:3000
[2023-10-26T04:56:25.273Z] ServerWorking info: server running on localhost:3000
[2023-10-26T05:01:37.681Z] ServerWorking info: server running on localhost:3000
[2023-10-26T05:03:12.536Z] ServerWorking info: server running on localhost:3000
[2023-10-26T05:03:46.575Z] ServerWorking info: server running on localhost:3000
[2023-10-26T05:15:25.356Z] ServerWorking info: server running on localhost:3000
[2023-10-26T05:15:55.430Z] ServerWorking info: server running on localhost:3000
[2023-10-26T05:16:54.857Z] ServerWorking info: server running on localhost:3000
[2023-10-26T05:17:56.065Z] ServerWorking info: server running on localhost:3000
[2023-10-26T05:19:51.796Z] ServerWorking info: server running on localhost:3000
[2023-10-26T05:21:39.517Z] ServerWorking info: server running on localhost:3000
[2023-10-26T05:22:08.831Z] ServerWorking info: server running on localhost:3000
[2023-10-26T05:23:10.075Z] ServerWorking info: server running on localhost:3000
[2023-10-26T05:23:28.202Z] ServerWorking info: server running on localhost:3000
[2023-10-26T05:25:37.404Z] ServerWorking info: server running on localhost:3000
[2023-10-26T06:07:13.483Z] ServerWorking info: server running on localhost:3000
[2023-10-26T06:09:25.843Z] ServerWorking info: server running on localhost:3000
[2023-10-26T06:10:47.170Z] ServerWorking info: server running on localhost:3000
[2023-10-26T06:12:11.863Z] ServerWorking info: server running on localhost:3000
[2023-10-26T06:12:38.055Z] ServerWorking info: server running on localhost:3000
[2023-10-26T06:13:02.493Z] ServerWorking info: server running on localhost:3000
[2023-10-26T06:13:24.401Z] ServerWorking info: server running on localhost:3000
[2023-10-26T06:13:51.368Z] ServerWorking info: server running on localhost:3000
[2023-10-26T06:14:16.370Z] ServerWorking info: server running on localhost:3000
[2023-10-26T06:14:29.311Z] ServerWorking info: server running on localhost:3000
[2023-10-26T06:14:34.481Z] ServerWorking info: server running on localhost:3000
[2023-10-26T06:16:49.458Z] ServerWorking info: server running on localhost:3000
[2023-10-26T06:17:09.225Z] ServerWorking info: server running on localhost:3000
[2023-10-26T06:19:36.643Z] ServerWorking info: server running on localhost:3000
[2023-10-26T06:22:07.073Z] ServerWorking info: server running on localhost:3000
[2023-10-26T06:22:58.643Z] ServerWorking info: server running on localhost:3000
[2023-10-26T06:26:58.472Z] ServerWorking info: server running on localhost:3000
[2023-10-26T06:27:49.712Z] ServerWorking info: server running on localhost:3000
[2023-10-26T06:33:31.745Z] ServerWorking info: server running on localhost:3000
[2023-10-26T06:33:53.421Z] ServerWorking info: server running on localhost:3000
[2023-10-26T06:37:16.922Z] ServerWorking info: server running on localhost:3000
[2023-10-26T06:39:27.354Z] ServerWorking info: server running on localhost:3000
[2023-10-26T06:40:03.652Z] ServerWorking info: server running on localhost:3000
[2023-10-26T06:41:27.211Z] ServerWorking info: server running on localhost:3000
[2023-10-26T06:42:06.973Z] ServerWorking info: server running on localhost:3000
[2023-10-26T06:45:29.717Z] ServerWorking info: server running on localhost:3000
[2023-10-26T06:47:25.102Z] ServerWorking info: server running on localhost:3000
[2023-10-26T06:52:04.528Z] ServerWorking info: server running on localhost:3000
[2023-10-26T06:53:12.841Z] ServerWorking info: server running on localhost:3000
[2023-10-26T06:57:22.948Z] ServerWorking info: server running on localhost:3000
[2023-10-26T06:58:13.180Z] ServerWorking info: server running on localhost:3000
[2023-10-26T06:58:41.503Z] ServerWorking info: server running on localhost:3000
[2023-10-26T06:59:19.285Z] ServerWorking info: server running on localhost:3000
[2023-10-26T07:01:00.136Z] ServerWorking info: server running on localhost:3000
[2023-10-26T07:01:25.520Z] ServerWorking info: server running on localhost:3000
[2023-10-26T07:05:04.845Z] ServerWorking info: server running on localhost:3000
[2023-10-26T07:06:52.003Z] ServerWorking info: server running on localhost:3000
[2023-10-26T07:07:32.021Z] ServerWorking info: server running on localhost:3000
[2023-10-26T07:09:45.953Z] ServerWorking info: server running on localhost:3000
[2023-10-26T07:10:27.766Z] ServerWorking info: server running on localhost:3000
[2023-10-26T07:10:44.181Z] ServerWorking info: server running on localhost:3000
[2023-10-26T07:12:09.032Z] ServerWorking info: server running on localhost:3000
[2023-10-26T07:13:17.861Z] ServerWorking info: server running on localhost:3000
[2023-10-26T07:13:58.868Z] ServerWorking info: server running on localhost:3000
[2023-10-26T07:14:55.968Z] ServerWorking info: server running on localhost:3000
[2023-10-26T07:15:11.739Z] ServerWorking info: server running on localhost:3000
[2023-10-26T07:15:47.863Z] ServerWorking info: server running on localhost:3000
[2023-10-26T07:16:05.491Z] ServerWorking info: server running on localhost:3000
[2023-10-26T07:17:10.668Z] ServerWorking info: server running on localhost:3000
[2023-10-26T07:17:38.909Z] ServerWorking info: server running on localhost:3000
[2023-10-26T07:17:55.004Z] ServerWorking info: server running on localhost:3000
[2023-10-26T07:19:06.572Z] ServerWorking info: server running on localhost:3000
[2023-10-26T07:19:51.375Z] ServerWorking info: server running on localhost:3000
[2023-10-26T07:20:51.444Z] ServerWorking info: server running on localhost:3000
[2023-10-26T07:21:26.594Z] ServerWorking info: server running on localhost:3000
[2023-10-26T07:22:34.765Z] ServerWorking info: server running on localhost:3000
[2023-10-26T07:22:50.805Z] ServerWorking info: server running on localhost:3000
[2023-10-26T07:23:13.493Z] ServerWorking info: server running on localhost:3000
[2023-10-26T07:23:34.916Z] ServerWorking info: server running on localhost:3000
[2023-10-26T07:24:52.967Z] ServerWorking info: server running on localhost:3000
[2023-10-26T07:30:06.653Z] ServerWorking info: server running on localhost:3000
[2023-10-26T07:31:36.832Z] ServerWorking info: server running on localhost:3000
[2023-10-26T07:34:25.616Z] ServerWorking info: server running on localhost:3000
[2023-10-26T07:36:52.769Z] ServerWorking info: server running on localhost:3000
[2023-10-26T07:38:53.457Z] ServerWorking info: server running on localhost:3000
[2023-10-26T07:39:25.006Z] ServerWorking info: server running on localhost:3000
[2023-10-26T07:52:56.874Z] ServerWorking info: server running on localhost:3000
[2023-10-26T07:53:40.229Z] ServerWorking info: server running on localhost:3000
[2023-10-26T07:54:42.762Z] ServerWorking info: server running on localhost:3000
[2023-10-26T07:55:08.167Z] ServerWorking info: server running on localhost:3000
[2023-10-26T07:55:27.997Z] ServerWorking info: server running on localhost:3000
[2023-10-26T08:01:23.251Z] ServerWorking info: server running on localhost:3000
[2023-10-26T08:05:07.106Z] ServerWorking info: server running on localhost:3000
[2023-10-26T08:05:25.506Z] ServerWorking info: server running on localhost:3000
[2023-10-26T08:09:42.378Z] ServerWorking info: server running on localhost:3000
[2023-10-26T08:10:31.695Z] ServerWorking info: server running on localhost:3000
[2023-10-26T09:09:13.312Z] ServerWorking info: server running on localhost:3000
[2023-10-26T09:18:31.349Z] ServerWorking info: server running on localhost:3000
[2023-10-26T09:18:53.063Z] ServerWorking info: server running on localhost:3000
[2023-10-26T09:21:11.020Z] ServerWorking info: server running on localhost:3000
[2023-10-26T09:23:05.209Z] ServerWorking info: server running on localhost:3000
[2023-10-26T09:23:49.321Z] ServerWorking info: server running on localhost:3000
[2023-10-26T09:24:05.243Z] ServerWorking info: server running on localhost:3000
[2023-10-26T09:25:15.723Z] ServerWorking info: server running on localhost:3000
[2023-10-26T09:26:37.423Z] ServerWorking info: server running on localhost:3000
[2023-10-26T09:28:45.746Z] ServerWorking info: server running on localhost:3000
[2023-10-26T09:29:02.086Z] ServerWorking info: server running on localhost:3000
[2023-10-26T09:30:24.433Z] ServerWorking info: server running on localhost:3000
[2023-10-26T09:41:14.651Z] ServerWorking info: server running on localhost:3000
[2023-10-26T09:41:46.353Z] ServerWorking info: server running on localhost:3000
[2023-10-26T09:42:54.344Z] ServerWorking info: server running on localhost:3000
[2023-10-26T09:44:44.041Z] ServerWorking info: server running on localhost:3000
[2023-10-26T09:44:57.442Z] ServerWorking info: server running on localhost:3000
[2023-10-26T09:45:28.338Z] ServerWorking info: server running on localhost:3000
[2023-10-26T09:45:41.673Z] ServerWorking info: server running on localhost:3000
[2023-10-26T09:45:54.270Z] ServerWorking info: server running on localhost:3000
[2023-10-26T09:46:18.258Z] ServerWorking info: server running on localhost:3000
[2023-10-26T09:46:38.700Z] ServerWorking info: server running on localhost:3000
[2023-10-26T09:46:53.830Z] ServerWorking info: server running on localhost:3000
[2023-10-26T09:47:40.086Z] ServerWorking info: server running on localhost:3000
[2023-10-26T09:50:35.060Z] ServerWorking info: server running on localhost:3000
[2023-10-26T09:50:48.405Z] ServerWorking info: server running on localhost:3000
[2023-10-26T09:51:30.004Z] ServerWorking info: server running on localhost:3000
[2023-10-26T09:52:01.422Z] ServerWorking info: server running on localhost:3000
[2023-10-26T09:52:18.051Z] ServerWorking info: server running on localhost:3000
[2023-10-26T09:52:31.321Z] ServerWorking info: server running on localhost:3000
[2023-10-26T09:53:02.762Z] ServerWorking info: server running on localhost:3000
[2023-10-26T10:02:41.904Z] ServerWorking info: server running on localhost:3000
[2023-10-26T10:03:02.720Z] ServerWorking info: server running on localhost:3000
[2023-10-26T10:04:18.661Z] ServerWorking info: server running on localhost:3000
[2023-10-26T10:06:52.969Z] ServerWorking info: server running on localhost:3000
[2023-10-26T10:07:02.567Z] ServerWorking info: server running on localhost:3000
[2023-10-26T10:07:24.868Z] ServerWorking info: server running on localhost:3000
[2023-10-26T10:08:50.284Z] ServerWorking info: server running on localhost:3000
[2023-10-26T10:11:19.703Z] ServerWorking info: server running on localhost:3000
[2023-10-26T10:11:45.507Z] ServerWorking info: server running on localhost:3000
[2023-10-26T10:12:46.258Z] ServerWorking info: server running on localhost:3000
[2023-10-26T10:13:04.239Z] ServerWorking info: server running on localhost:3000
[2023-10-26T10:13:29.582Z] ServerWorking info: server running on localhost:3000
[2023-10-26T10:14:27.327Z] ServerWorking info: server running on localhost:3000
[2023-10-26T10:14:51.023Z] ServerWorking info: server running on localhost:3000
[2023-10-26T10:15:22.347Z] ServerWorking info: server running on localhost:3000
[2023-10-26T10:15:46.095Z] ServerWorking info: server running on localhost:3000
[2023-10-26T10:16:09.324Z] ServerWorking info: server running on localhost:3000
[2023-10-26T10:18:28.800Z] ServerWorking info: server running on localhost:3000
[2023-10-26T10:20:04.257Z] ServerWorking info: server running on localhost:3000
[2023-10-26T10:20:47.066Z] ServerWorking info: server running on localhost:3000
[2023-10-26T10:22:12.579Z] ServerWorking info: server running on localhost:3000
[2023-10-26T10:25:14.749Z] ServerWorking info: server running on localhost:3000
[2023-10-26T10:29:42.023Z] ServerWorking info: server running on localhost:3000
[2023-10-26T10:34:44.246Z] ServerWorking info: server running on localhost:3000
[2023-10-26T11:26:17.881Z] ServerWorking info: server running on localhost:3000
[2023-10-26T11:39:08.354Z] ServerWorking info: server running on localhost:3000
[2023-10-26T11:40:26.065Z] ServerWorking info: server running on localhost:3000
[2023-10-26T11:43:17.117Z] ServerWorking info: server running on localhost:3000
[2023-10-26T12:16:29.806Z] ServerWorking info: server running on localhost:3000
[2023-10-26T12:22:48.756Z] ServerWorking info: server running on localhost:3000
[2023-10-26T12:23:00.215Z] ServerWorking info: server running on localhost:3000
[2023-10-26T12:23:05.299Z] ServerWorking info: server running on localhost:3000
[2023-10-26T12:32:12.312Z] ServerWorking info: server running on localhost:3000
[2023-10-26T12:36:34.052Z] ServerWorking info: server running on localhost:3000
[2023-10-26T12:43:19.269Z] ServerWorking info: server running on localhost:3000
[2023-10-27T04:28:14.877Z] ServerWorking info: server running on localhost:3000
[2023-10-27T05:34:18.191Z] ServerWorking info: server running on localhost:3000
[2023-10-27T06:01:50.057Z] ServerWorking info: server running on localhost:3000
[2023-10-27T06:02:43.909Z] ServerWorking info: server running on localhost:3000
[2023-10-27T06:03:20.601Z] ServerWorking info: server running on localhost:3000
[2023-10-27T06:04:36.600Z] ServerWorking info: server running on localhost:3000
[2023-10-27T06:05:07.693Z] ServerWorking info: server running on localhost:3000
[2023-10-27T06:05:34.786Z] ServerWorking info: server running on localhost:3000
[2023-10-27T06:05:51.718Z] ServerWorking info: server running on localhost:3000
[2023-10-27T06:08:27.684Z] ServerWorking info: server running on localhost:3000
[2023-10-27T06:08:53.821Z] ServerWorking info: server running on localhost:3000
[2023-10-27T06:09:39.286Z] ServerWorking info: server running on localhost:3000
[2023-10-27T06:11:24.086Z] ServerWorking info: server running on localhost:3000
[2023-10-27T06:12:54.635Z] ServerWorking info: server running on localhost:3000
[2023-10-27T06:13:14.795Z] ServerWorking info: server running on localhost:3000
[2023-10-27T06:19:31.594Z] ServerWorking info: server running on localhost:3000
[2023-10-27T06:19:54.400Z] ServerWorking info: server running on localhost:3000
[2023-10-27T06:20:29.175Z] ServerWorking info: server running on localhost:3000
[2023-10-27T06:20:45.652Z] ServerWorking info: server running on localhost:3000
[2023-10-27T06:21:03.353Z] ServerWorking info: server running on localhost:3000
[2023-10-27T06:21:20.907Z] ServerWorking info: server running on localhost:3000
[2023-10-27T06:23:02.275Z] ServerWorking info: server running on localhost:3000
[2023-10-27T06:23:08.990Z] ServerWorking info: server running on localhost:3000
[2023-10-27T06:23:15.501Z] ServerWorking info: server running on localhost:3000
[2023-10-27T06:23:50.541Z] ServerWorking info: server running on localhost:3000
[2023-10-27T06:24:08.983Z] ServerWorking info: server running on localhost:3000
[2023-10-27T06:24:25.576Z] ServerWorking info: server running on localhost:3000
[2023-10-27T06:25:09.975Z] ServerWorking info: server running on localhost:3000
[2023-10-27T06:30:43.798Z] ServerWorking info: server running on localhost:3000
[2023-10-27T06:31:01.639Z] ServerWorking info: server running on localhost:3000
[2023-10-27T06:40:23.435Z] ServerWorking info: server running on localhost:3000
[2023-10-27T06:47:48.233Z] ServerWorking info: server running on localhost:3000
[2023-10-27T06:49:05.511Z] ServerWorking info: server running on localhost:3000
[2023-10-27T06:54:22.927Z] ServerWorking info: server running on localhost:3000
[2023-10-27T06:59:25.208Z] ServerWorking info: server running on localhost:3000
[2023-10-27T07:00:01.594Z] ServerWorking info: server running on localhost:3000
[2023-10-27T07:04:30.813Z] ServerWorking info: server running on localhost:3000
[2023-10-27T07:10:37.001Z] ServerWorking info: server running on localhost:3000
[2023-10-27T07:11:31.323Z] ServerWorking info: server running on localhost:3000
[2023-10-27T07:15:16.794Z] ServerWorking info: server running on localhost:3000
[2023-10-27T07:16:09.634Z] ServerWorking info: server running on localhost:3000
[2023-10-27T07:17:23.697Z] ServerWorking info: server running on localhost:3000
[2023-10-27T07:20:25.707Z] ServerWorking info: server running on localhost:3000
[2023-10-27T07:20:45.167Z] ServerWorking info: server running on localhost:3000
[2023-10-27T07:49:05.048Z] ServerWorking info: server running on localhost:3000
[2023-10-27T07:56:10.896Z] ServerWorking info: server running on localhost:3000
[2023-10-27T08:33:42.494Z] ServerWorking info: server running on localhost:3000
[2023-10-27T08:38:25.926Z] ServerWorking info: server running on localhost:3000
[2023-10-27T08:39:03.010Z] ServerWorking info: server running on localhost:3000
[2023-10-27T08:43:10.042Z] ServerWorking info: server running on localhost:3000
[2023-10-27T08:43:43.214Z] ServerWorking info: server running on localhost:3000
[2023-10-27T08:44:22.214Z] ServerWorking info: server running on localhost:3000
[2023-10-27T08:45:42.948Z] ServerWorking info: server running on localhost:3000
[2023-10-27T08:47:13.289Z] ServerWorking info: server running on localhost:3000
[2023-10-27T08:48:23.127Z] ServerWorking info: server running on localhost:3000
[2023-10-27T08:51:03.938Z] ServerWorking info: server running on localhost:3000
[2023-10-27T08:51:22.688Z] ServerWorking info: server running on localhost:3000
[2023-10-27T09:06:57.068Z] ServerWorking info: server running on localhost:3000
[2023-10-27T09:11:17.876Z] ServerWorking info: server running on localhost:3000
[2023-10-27T09:22:24.103Z] ServerWorking info: server running on localhost:3000
[2023-10-27T09:22:54.136Z] ServerWorking info: server running on localhost:3000
[2023-10-27T09:38:20.542Z] ServerWorking info: server running on localhost:3000
[2023-10-27T09:38:59.958Z] ServerWorking info: server running on localhost:3000
[2023-10-27T09:39:16.353Z] ServerWorking info: server running on localhost:3000
[2023-10-27T09:40:13.981Z] ServerWorking info: server running on localhost:3000
[2023-10-27T09:45:42.478Z] ServerWorking info: server running on localhost:3000
[2023-10-27T09:49:24.934Z] ServerWorking info: server running on localhost:3000
[2023-10-27T09:53:57.024Z] ServerWorking info: server running on localhost:3000
[2023-10-27T09:53:58.978Z] ServerWorking info: server running on localhost:3000
[2023-10-27T09:54:11.957Z] ServerWorking info: server running on localhost:3000
[2023-10-27T09:54:30.217Z] ServerWorking info: server running on localhost:3000
[2023-10-27T09:59:15.979Z] ServerWorking info: server running on localhost:3000
[2023-10-27T10:03:49.576Z] ServerWorking info: server running on localhost:3000
[2023-10-27T10:04:05.917Z] ServerWorking info: server running on localhost:3000
[2023-10-27T10:47:29.942Z] ServerWorking info: server running on localhost:3000
[2023-10-27T12:43:16.036Z] ServerWorking info: Server is running on port
[2023-10-27T12:43:16.036Z] ServerWorking info: server running on localhost:4000
[2023-10-27T12:44:16.773Z] ServerWorking info: Server is running on port
[2023-10-27T12:44:16.773Z] ServerWorking info: server running on localhost:4000
